SMTP connect() failed. https://github.com/PHPMailer/PHPMailer/wiki/Troubleshooting
marcusvinicius2747@gmail.com
2023-06-03 17:08

SMTP connect() failed. https://github.com/PHPMailer/PHPMailer/wiki/Troubleshooting
marcusvinicius2747@gmail.com
2023-06-03 17:09

You must provide at least one recipient email address.

2023-06-03 17:10

SMTP connect() failed. https://github.com/PHPMailer/PHPMailer/wiki/Troubleshooting
marcusvinicius2747@gmail.com
2023-06-03 17:10

SMTP connect() failed. https://github.com/PHPMailer/PHPMailer/wiki/Troubleshooting
marcusvinicius2747@gmail.com
2023-06-03 17:13

SMTP connect() failed. https://github.com/PHPMailer/PHPMailer/wiki/Troubleshooting
marcusvinicius2747@gmail.com
2023-06-03 17:14

SMTP connect() failed. https://github.com/PHPMailer/PHPMailer/wiki/Troubleshooting
marcusvinicius2747@gmail.com
2023-06-03 17:18

SMTP connect() failed. https://github.com/PHPMailer/PHPMailer/wiki/Troubleshooting
marcusvinicius2747@gmail.com
2023-06-03 17:19

SMTP connect() failed. https://github.com/PHPMailer/PHPMailer/wiki/Troubleshooting
marcusvinicius2747@gmail.com
2023-06-03 17:20

SMTP connect() failed. https://github.com/PHPMailer/PHPMailer/wiki/Troubleshooting
marcusvinicius2747@gmail.com
2023-06-03 17:21

SMTP connect() failed. https://github.com/PHPMailer/PHPMailer/wiki/Troubleshooting
marcusvinicius2747@gmail.com
2023-06-03 17:21

SMTP connect() failed. https://github.com/PHPMailer/PHPMailer/wiki/Troubleshooting
marcusvinicius2747@gmail.com
2023-06-03 17:22

SMTP connect() failed. https://github.com/PHPMailer/PHPMailer/wiki/Troubleshooting
marcusvinicius2747@gmail.com
2023-06-03 17:25

SMTP connect() failed. https://github.com/PHPMailer/PHPMailer/wiki/Troubleshooting
marcusvinicius2747@gmail.com
2023-06-03 17:32

SMTP connect() failed. https://github.com/PHPMailer/PHPMailer/wiki/Troubleshooting
marcusvinicius2747@gmail.com
2023-06-03 17:53

SMTP connect() failed. https://github.com/PHPMailer/PHPMailer/wiki/Troubleshooting
marcusvinicius2747@gmail.com
2023-06-03 18:07

Email enviado: marcusvinicius2747@gmail.com - 2023-06-03 18:10

Email enviado: marcusvinicius2747@gmail.com - 2023-06-03 18:15

Email enviado: marcusvinicius2747@gmail.com - 2023-06-03 18:17

Email enviado: marcusvinicius2747@gmail.com - 2023-06-03 18:17

